<?xml version="1.0" encoding="utf-8"?><testsuites name="pytest tests"><testsuite name="pytest" errors="0" failures="0" skipped="1" tests="51" time="26.945" timestamp="2026-08-29T07:52:08.450950+00:00" hostname="agent-env-37003dc5-cefc-48b8-8431-7e20cbf7f43e"><testcase classname="tests.test_compliance_engine.TestRule6Engine" name="test_fully_compliant" time="0.000" /><testcase classname="tests.test_compliance_engine.TestRule6Engine" name="test_none_values_do_not_crash" time="0.000" /><testcase classname="tests.test_compliance_engine.TestRule6Engine" name="test_missing_mrp_tax_inclusion" time="0.000" /><testcase classname="tests.test_compliance_engine.TestRule6Engine" name="test_non_si_units" time="0.000" /><testcase classname="tests.test_compliance_engine.TestRule6Engine" name="test_post_dated_mfg" time="0.000" /><testcase classname="tests.test_compliance_engine.TestRule6Engine" name="test_missing_pin_in_address" time="0.000" /><testcase classname="tests.test_compliance_engine.TestRule6Engine" name="test_missing_consumer_care" time="0.000" /><testcase classname="tests.test_compliance_engine.TestRule6Engine" name="test_missing_usp" time="0.000" /><testcase classname="tests.test_compliance_engine.TestRule6Engine" name="test_font_below_threshold" time="0.000" /><testcase classname="tests.test_compliance_engine.TestRule6Engine" name="test_score_weighting" time="0.000" /><testcase classname="tests.test_health_auth.TestAuthLogin" name="test_samples_endpoint_alive" time="0.121" /><testcase classname="tests.test_health_auth.TestAuthLogin" name="test_login_super_admin" time="0.499" /><testcase classname="tests.test_health_auth.TestAuthLogin" name="test_login_all_seeded_roles" time="1.156" /><testcase classname="tests.test_scans.TestScanSaveAndRepository" name="test_save_compliant_scan_and_persist" time="0.952" /><testcase classname="tests.test_scans.TestScanSaveAndRepository" name="test_save_non_compliant_scan" time="0.231" /><testcase classname="tests.test_scans.TestScanSaveAndRepository" name="test_update_existing_scan_recomputes_compliance" time="0.334" /><testcase classname="tests.test_scans.TestScanSaveAndRepository" name="test_list_scans_and_filters" time="0.620" /><testcase classname="tests.test_health_auth.TestAuthLogin" name="test_login_wrong_password" time="0.257" /><testcase classname="tests.test_health_auth.TestAuthLogin" name="test_login_unknown_email" time="0.082" /><testcase classname="tests.test_health_auth.TestAuthLogin" name="test_brute_force_lockout_behaviour" time="1.739"><skipped type="pytest.xfail" message="No brute-force lockout implemented; statuses=[401, 401, 401, 401, 401, 401]" /></testcase><testcase classname="tests.test_scans.TestScanSaveAndRepository" name="test_get_unknown_scan_404" time="0.249" /><testcase classname="tests.test_scans.TestScanSaveAndRepository" name="test_scan_actions" time="1.175" /><testcase classname="tests.test_scans.TestScanSaveAndRepository" name="test_action_requires_auth" time="0.116" /><testcase classname="tests.test_scans.TestScanSaveAndRepository" name="test_unknown_action_is_rejected" time="0.935" /><testcase classname="tests.test_health_auth.TestAuthMe" name="test_me_with_bearer_token" time="0.666" /><testcase classname="tests.test_health_auth.TestAuthMe" name="test_me_without_token" time="0.127" /><testcase classname="tests.test_health_auth.TestAuthMe" name="test_me_with_invalid_token" time="0.245" /><testcase classname="tests.test_health_auth.TestAuthMe" name="test_sessions_listed_after_login" time="0.139" /><testcase classname="tests.test_reports_dashboard.TestReports" name="test_pdf_report" time="0.444" /><testcase classname="tests.test_health_auth.TestAuthMe" name="test_logout" time="0.070" /><testcase classname="tests.test_reports_dashboard.TestReports" name="test_docx_report" time="0.071" /><testcase classname="tests.test_reports_dashboard.TestRulesLibrary" name="test_list_rules" time="0.167" /><testcase classname="tests.test_reports_dashboard.TestReports" name="test_json_report" time="0.041" /><testcase classname="tests.test_reports_dashboard.TestReports" name="test_report_404_unknown_scan" time="0.389" /><testcase classname="tests.test_reports_dashboard.TestReports" name="test_csv_export" time="0.157" /><testcase classname="tests.test_reports_dashboard.TestRulesLibrary" name="test_update_rule_as_admin" time="0.622" /><testcase classname="tests.test_scans.TestScanAnalyze" name="test_analyze_label_image" time="10.794" /><testcase classname="tests.test_reports_dashboard.TestRulesLibrary" name="test_update_rule_unknown_id" time="0.077" /><testcase classname="tests.test_reports_dashboard.TestRulesLibrary" name="test_update_rule_requires_auth" time="0.068" /><testcase classname="tests.test_reports_dashboard.TestRulesLibrary" name="test_viewer_cannot_update_rule" time="0.557" /><testcase classname="tests.test_reports_dashboard.TestDashboardAnalytics" name="test_dashboard_stats" time="0.509" /><testcase classname="tests.test_reports_dashboard.TestDashboardAnalytics" name="test_hotspots" time="0.080" /><testcase classname="tests.test_reports_dashboard.TestDashboardAnalytics" name="test_audit_logs_after_activity" time="0.138" /><testcase classname="tests.test_reports_dashboard.TestUserManagement" name="test_list_users_requires_auth" time="0.072" /><testcase classname="tests.test_reports_dashboard.TestUserManagement" name="test_list_users_as_admin" time="0.356" /><testcase classname="tests.test_reports_dashboard.TestUserManagement" name="test_viewer_cannot_create_user" time="0.365" /><testcase classname="tests.test_compliance_engine.TestTableII" name="test_brackets" time="0.000" /><testcase classname="tests.test_scans.TestScanAnalyze" name="test_analyze_real_product_photo" time="5.033" /><testcase classname="tests.test_scans.TestScanAnalyze" name="test_analyze_invalid_base64" time="0.210" /><testcase classname="tests.test_scans.TestScanAnalyze" name="test_analyze_non_label_image" time="4.277" /><testcase classname="tests.test_scans.TestScanAnalyze" name="test_analyze_missing_field" time="0.375" /></testsuite></testsuites>