<?xml version="1.0" encoding="utf-8"?><testsuites name="pytest tests"><testsuite name="pytest" errors="0" failures="0" skipped="5" tests="77" time="29.004" timestamp="2026-08-29T08:49:11.511163+00:00" hostname="agent-env-37003dc5-cefc-48b8-8431-7e20cbf7f43e"><testcase classname="tests.test_compliance_engine.TestRule6Engine" name="test_fully_compliant" time="0.001" /><testcase classname="tests.test_compliance_engine.TestRule6Engine" name="test_none_values_do_not_crash" time="0.000" /><testcase classname="tests.test_compliance_engine.TestRule6Engine" name="test_missing_mrp_tax_inclusion" time="0.000" /><testcase classname="tests.test_compliance_engine.TestRule6Engine" name="test_non_si_units" time="0.000" /><testcase classname="tests.test_compliance_engine.TestRule6Engine" name="test_post_dated_mfg" time="0.000" /><testcase classname="tests.test_compliance_engine.TestRule6Engine" name="test_missing_pin_in_address" time="0.000" /><testcase classname="tests.test_compliance_engine.TestRule6Engine" name="test_missing_consumer_care" time="0.000" /><testcase classname="tests.test_compliance_engine.TestRule6Engine" name="test_missing_usp" time="0.000" /><testcase classname="tests.test_compliance_engine.TestRule6Engine" name="test_font_below_threshold" time="0.000" /><testcase classname="tests.test_compliance_engine.TestRule6Engine" name="test_score_weighting" time="0.000" /><testcase classname="tests.test_new_features.TestNoticeToSeller" name="test_validation_unknown_channel" time="0.595" /><testcase classname="tests.test_scans.TestScanSaveAndRepository" name="test_save_compliant_scan_and_persist" time="0.708" /><testcase classname="tests.test_new_features.TestNoticeToSeller" name="test_validation_email_requires_recipient" time="0.265" /><testcase classname="tests.test_scans.TestScanSaveAndRepository" name="test_save_non_compliant_scan" time="0.040" /><testcase classname="tests.test_scans.TestScanSaveAndRepository" name="test_update_existing_scan_recomputes_compliance" time="0.117" /><testcase classname="tests.test_new_features.TestNoticeToSeller" name="test_validation_sms_requires_phone" time="0.074" /><testcase classname="tests.test_scans.TestScanSaveAndRepository" name="test_list_scans_and_filters" time="0.231" /><testcase classname="tests.test_new_features.TestNoticeToSeller" name="test_missing_scan_returns_404" time="0.075" /><testcase classname="tests.test_new_features.TestNoticeToSeller" name="test_unauthenticated_send_notice_rejected" time="0.071" /><testcase classname="tests.test_new_features.TestNoticeToSeller" name="test_email_notice_invalid_resend_key_returns_502" time="0.233"><skipped type="pytest.xfail" message="email notice invalid-Resend-key: HTTP 502 body is NOT JSON (content-type='text/html; charset=UTF-8') — ingress replaced the FastAPI error body with an HTML error page. Body starts: '&lt;!DOCTYPE html&gt;\n&lt;!--[if lt IE 7]&gt; &lt;html class=&quot;no-js ie6 oldie&quot; lang=&quot;en-US&quot;&gt; &lt;![endif]--&gt;\n&lt;!--[if IE 7]&gt;    &lt;html class'" /></testcase><testcase classname="tests.test_scans.TestScanSaveAndRepository" name="test_get_unknown_scan_404" time="0.039" /><testcase classname="tests.test_scans.TestScanSaveAndRepository" name="test_scan_actions" time="0.296" /><testcase classname="tests.test_new_features.TestNoticeToSeller" name="test_sms_notice_twilio_structured_response" time="0.614"><skipped type="pytest.xfail" message="sms notice twilio-trial: HTTP 502 body is NOT JSON (content-type='text/html; charset=UTF-8') — ingress replaced the FastAPI error body with an HTML error page. Body starts: '&lt;!DOCTYPE html&gt;\n&lt;!--[if lt IE 7]&gt; &lt;html class=&quot;no-js ie6 oldie&quot; lang=&quot;en-US&quot;&gt; &lt;![endif]--&gt;\n&lt;!--[if IE 7]&gt;    &lt;html class'" /></testcase><testcase classname="tests.test_scans.TestScanSaveAndRepository" name="test_action_requires_auth" time="0.070" /><testcase classname="tests.test_scans.TestScanSaveAndRepository" name="test_unknown_action_is_rejected" time="0.856" /><testcase classname="tests.test_new_features.TestNoticeToSeller" name="test_list_notices_returns_array" time="0.074" /><testcase classname="tests.test_new_features.TestNoticeToSeller" name="test_list_notices_unknown_scan_returns_empty" time="0.034" /><testcase classname="tests.test_health_auth.TestAuthLogin" name="test_samples_endpoint_alive" time="0.079" /><testcase classname="tests.test_new_features.TestLoginGuard" name="test_success_before_lockout_clears_counter" time="1.823" /><testcase classname="tests.test_health_auth.TestAuthLogin" name="test_login_super_admin" time="0.505" /><testcase classname="tests.test_health_auth.TestAuthLogin" name="test_login_all_seeded_roles" time="1.724" /><testcase classname="tests.test_new_features.TestLoginGuard" name="test_five_strike_lockout_sequence" time="2.049" /><testcase classname="tests.test_health_auth.TestAuthLogin" name="test_login_wrong_password" time="0.481" /><testcase classname="tests.test_health_auth.TestAuthLogin" name="test_login_unknown_email" time="0.491" /><testcase classname="tests.test_health_auth.TestAuthLogin" name="test_brute_force_lockout_behaviour" time="0.758" /><testcase classname="tests.test_new_features.TestLoginGuard" name="test_correct_password_after_lockout_returns_429" time="0.077" /><testcase classname="tests.test_new_features.TestLoginGuard" name="test_unlock_then_login_works" time="0.353" /><testcase classname="tests.test_new_features.TestLoginGuard" name="test_bcrypt_hash_and_httponly_cookies" time="0.604" /><testcase classname="tests.test_health_auth.TestAuthMe" name="test_me_with_bearer_token" time="0.569" /><testcase classname="tests.test_health_auth.TestAuthMe" name="test_me_without_token" time="0.299" /><testcase classname="tests.test_new_features.TestLoginGuard" name="test_failure_counter_not_reset_after_lockout_window" time="0.376"><skipped type="pytest.xfail" message="No rolling window: after the lockout expires the counter stays at 5, so ONE further wrong password re-locks the account for another 15 minutes." /></testcase><testcase classname="tests.test_health_auth.TestAuthMe" name="test_me_with_invalid_token" time="0.077" /><testcase classname="tests.test_health_auth.TestAuthMe" name="test_sessions_listed_after_login" time="0.032" /><testcase classname="tests.test_health_auth.TestAuthMe" name="test_logout" time="0.029" /><testcase classname="tests.test_reports_dashboard.TestRulesLibrary" name="test_list_rules" time="0.265" /><testcase classname="tests.test_reports_dashboard.TestRulesLibrary" name="test_update_rule_as_admin" time="0.518" /><testcase classname="tests.test_reports_dashboard.TestReports" name="test_pdf_report" time="0.677" /><testcase classname="tests.test_reports_dashboard.TestReports" name="test_docx_report" time="0.062" /><testcase classname="tests.test_reports_dashboard.TestReports" name="test_json_report" time="0.031" /><testcase classname="tests.test_reports_dashboard.TestReports" name="test_report_404_unknown_scan" time="0.177" /><testcase classname="tests.test_reports_dashboard.TestRulesLibrary" name="test_update_rule_unknown_id" time="0.032" /><testcase classname="tests.test_reports_dashboard.TestRulesLibrary" name="test_update_rule_requires_auth" time="0.157" /><testcase classname="tests.test_reports_dashboard.TestReports" name="test_csv_export" time="0.081" /><testcase classname="tests.test_reports_dashboard.TestRulesLibrary" name="test_viewer_cannot_update_rule" time="0.462" /><testcase classname="tests.test_scans.TestScanAnalyze" name="test_analyze_label_image" time="9.785" /><testcase classname="tests.test_new_features.TestUrlScan" name="test_invalid_url_missing_scheme_returns_400" time="0.387" /><testcase classname="tests.test_new_features.TestUrlScan" name="test_antibot_url_returns_502_not_crash" time="0.198"><skipped type="pytest.xfail" message="anti-bot URL scan: HTTP 502 body is NOT JSON (content-type='text/html; charset=UTF-8') — ingress replaced the FastAPI error body with an HTML error page. Body starts: '&lt;!DOCTYPE html&gt;\n&lt;!--[if lt IE 7]&gt; &lt;html class=&quot;no-js ie6 oldie&quot; lang=&quot;en-US&quot;&gt; &lt;![endif]--&gt;\n&lt;!--[if IE 7]&gt;    &lt;html class'" /></testcase><testcase classname="tests.test_new_features.TestUrlScan" name="test_unreachable_domain_returns_502" time="0.099"><skipped type="pytest.xfail" message="unreachable domain URL scan: HTTP 502 body is NOT JSON (content-type='text/html; charset=UTF-8') — ingress replaced the FastAPI error body with an HTML error page. Body starts: '&lt;!DOCTYPE html&gt;\n&lt;!--[if lt IE 7]&gt; &lt;html class=&quot;no-js ie6 oldie&quot; lang=&quot;en-US&quot;&gt; &lt;![endif]--&gt;\n&lt;!--[if IE 7]&gt;    &lt;html class'" /></testcase><testcase classname="tests.test_new_features.TestUrlScan" name="test_bigbasket_product_url_scan" time="6.270" /><testcase classname="tests.test_new_features.TestRegression" name="test_admin_login_still_works" time="0.338" /><testcase classname="tests.test_new_features.TestRegression" name="test_dashboard_stats_non_null" time="0.413" /><testcase classname="tests.test_new_features.TestRegression" name="test_pdf_report_still_valid" time="0.106" /><testcase classname="tests.test_new_features.TestRegression" name="test_scan_analyze_real_image_still_works" time="4.637" /><testcase classname="tests.test_scans.TestScanAnalyze" name="test_analyze_real_product_photo" time="5.696" /><testcase classname="tests.test_new_features.TestInternalErrorContract" name="test_internal_email_notice_error_json" time="0.421" /><testcase classname="tests.test_new_features.TestInternalErrorContract" name="test_internal_sms_notice_error_json" time="0.280" /><testcase classname="tests.test_new_features.TestInternalErrorContract" name="test_internal_url_scan_error_json" time="0.064" /><testcase classname="tests.test_reports_dashboard.TestDashboardAnalytics" name="test_dashboard_stats" time="0.410" /><testcase classname="tests.test_reports_dashboard.TestDashboardAnalytics" name="test_hotspots" time="0.071" /><testcase classname="tests.test_reports_dashboard.TestDashboardAnalytics" name="test_audit_logs_after_activity" time="0.042" /><testcase classname="tests.test_reports_dashboard.TestUserManagement" name="test_list_users_requires_auth" time="0.066" /><testcase classname="tests.test_reports_dashboard.TestUserManagement" name="test_list_users_as_admin" time="0.384" /><testcase classname="tests.test_reports_dashboard.TestUserManagement" name="test_viewer_cannot_create_user" time="0.340" /><testcase classname="tests.test_compliance_engine.TestTableII" name="test_brackets" time="0.000" /><testcase classname="tests.test_scans.TestScanAnalyze" name="test_analyze_invalid_base64" time="0.208" /><testcase classname="tests.test_scans.TestScanAnalyze" name="test_analyze_non_label_image" time="3.860" /><testcase classname="tests.test_scans.TestScanAnalyze" name="test_analyze_missing_field" time="0.381" /></testsuite></testsuites>